<?xml version="1.0" encoding="UTF-8"?>
<!-- Generated by org.testng.reporters.JUnitReportReporter -->
<testsuite hostname="LAPTOP-NAP26V5P" failures="0" tests="1" name="Jenkins.Test2" time="0.002" errors="0" timestamp="2022-05-28T10:04:07 IST" skipped="0">
  <testcase classname="Jenkins.Test2" name="testp" time="0.002"/>
  <system-out>
    <![CDATA[Hello Python]]>
  </system-out>
</testsuite> <!-- Jenkins.Test2 -->
