<?xml version="1.0" encoding="UTF-8"?>
<!-- Generated by org.testng.reporters.JUnitReportReporter -->
<testsuite hostname="LAPTOP-NAP26V5P" failures="0" tests="1" name="testscript.Login" time="15.429" errors="0" timestamp="2022-05-24T14:57:39 IST" skipped="0">
  <testcase classname="testscript.Login" name="testLogin" time="15.429"/>
  <system-out/>
</testsuite> <!-- testscript.Login -->
