<?xml version="1.0" encoding="UTF-8"?>
<!-- Generated by org.testng.reporters.JUnitReportReporter -->
<testsuite hostname="LAPTOP-NAP26V5P" failures="0" tests="1" name="Jenkins.Test3" time="0.000" errors="0" timestamp="2022-05-28T10:08:40 IST" skipped="0">
  <testcase classname="Jenkins.Test3" name="testc" time="0.000"/>
  <system-out>
    <![CDATA[Hello c]]>
  </system-out>
</testsuite> <!-- Jenkins.Test3 -->
